<?xml version="1.0" encoding="UTF-8"?>
<testng-results ignored="0" total="1" passed="1" failed="0" skipped="0">
  <reporter-output>
  </reporter-output>
  <suite started-at="2023-04-24T17:24:27 IST" name="Default suite" finished-at="2023-04-24T17:24:35 IST" duration-ms="8137">
    <groups>
    </groups>
    <test started-at="2023-04-24T17:24:27 IST" name="Default test" finished-at="2023-04-24T17:24:35 IST" duration-ms="8137">
      <class name="com.actitime.testscript.TestMethodCls">
        <test-method signature="validLogin()[pri:0, instance:com.actitime.testscript.TestMethodCls@72a7c7e0]" started-at="2023-04-24T17:24:27 IST" name="validLogin" finished-at="2023-04-24T17:24:35 IST" duration-ms="8095" status="PASS">
          <reporter-output>
          </reporter-output>
        </test-method> <!-- validLogin -->
      </class> <!-- com.actitime.testscript.TestMethodCls -->
    </test> <!-- Default test -->
  </suite> <!-- Default suite -->
</testng-results>
